0 info it worked if it ends with ok
1 verbose cli [ '/usr/bin/nodejs', '/usr/bin/npm', 'run', 'publish' ]
2 info using npm@3.10.8
3 info using node@v6.9.1
4 verbose run-script [ 'prepublish', 'publish', 'postpublish' ]
5 info lifecycle arc-ci-server@1.0.0~prepublish: arc-ci-server@1.0.0
6 silly lifecycle arc-ci-server@1.0.0~prepublish: no script for prepublish, continuing
7 info lifecycle arc-ci-server@1.0.0~publish: arc-ci-server@1.0.0
8 verbose lifecycle arc-ci-server@1.0.0~publish: unsafe-perm in lifecycle true
9 verbose lifecycle arc-ci-server@1.0.0~publish: PATH: /usr/lib/node_modules/npm/bin/node-gyp-bin:/home/jarrod/workspace/advanced-rest-client/ci-server/node_modules/.bin:/home/jarrod/sdk/google-cloud-sdk/bin:/home/jarrod/bin:/home/jarrod/.local/bin:/home/jarrod/sdk/apache-maven-3.3.9/bin:/usr/local/sbin:/usr/local/bin:/usr/sbin:/usr/bin:/sbin:/bin:/usr/games:/usr/local/games:/snap/bin
10 verbose lifecycle arc-ci-server@1.0.0~publish: CWD: /home/jarrod/workspace/advanced-rest-client/ci-server
11 silly lifecycle arc-ci-server@1.0.0~publish: Args: [ '-c',
11 silly lifecycle   'gcloud compute copy-files ./index.js ./package.json ./stage-build ./tag-build ./update-structure ci:/var/ci/server' ]
12 silly lifecycle arc-ci-server@1.0.0~publish: Returned: code: 1  signal: null
13 info lifecycle arc-ci-server@1.0.0~publish: Failed to exec publish script
14 verbose stack Error: arc-ci-server@1.0.0 publish: `gcloud compute copy-files ./index.js ./package.json ./stage-build ./tag-build ./update-structure ci:/var/ci/server`
14 verbose stack Exit status 1
14 verbose stack     at EventEmitter.<anonymous> (/usr/lib/node_modules/npm/lib/utils/lifecycle.js:255:16)
14 verbose stack     at emitTwo (events.js:106:13)
14 verbose stack     at EventEmitter.emit (events.js:191:7)
14 verbose stack     at ChildProcess.<anonymous> (/usr/lib/node_modules/npm/lib/utils/spawn.js:40:14)
14 verbose stack     at emitTwo (events.js:106:13)
14 verbose stack     at ChildProcess.emit (events.js:191:7)
14 verbose stack     at maybeClose (internal/child_process.js:877:16)
14 verbose stack     at Process.ChildProcess._handle.onexit (internal/child_process.js:226:5)
15 verbose pkgid arc-ci-server@1.0.0
16 verbose cwd /home/jarrod/workspace/advanced-rest-client/ci-server
17 error Linux 4.4.0-47-generic
18 error argv "/usr/bin/nodejs" "/usr/bin/npm" "run" "publish"
19 error node v6.9.1
20 error npm  v3.10.8
21 error code ELIFECYCLE
22 error arc-ci-server@1.0.0 publish: `gcloud compute copy-files ./index.js ./package.json ./stage-build ./tag-build ./update-structure ci:/var/ci/server`
22 error Exit status 1
23 error Failed at the arc-ci-server@1.0.0 publish script 'gcloud compute copy-files ./index.js ./package.json ./stage-build ./tag-build ./update-structure ci:/var/ci/server'.
23 error Make sure you have the latest version of node.js and npm installed.
23 error If you do, this is most likely a problem with the arc-ci-server package,
23 error not with npm itself.
23 error Tell the author that this fails on your system:
23 error     gcloud compute copy-files ./index.js ./package.json ./stage-build ./tag-build ./update-structure ci:/var/ci/server
23 error You can get information on how to open an issue for this project with:
23 error     npm bugs arc-ci-server
23 error Or if that isn't available, you can get their info via:
23 error     npm owner ls arc-ci-server
23 error There is likely additional logging output above.
24 verbose exit [ 1, true ]
